[debug] [2022-02-19T10:19:53.402Z] ----------------------------------------------------------------------
[debug] [2022-02-19T10:19:53.407Z] Command:       C:\Program Files\nodejs\node.exe C:\Users\LENOVO\AppData\Roaming\npm\node_modules\firebase-tools\lib\bin\firebase.js init
[debug] [2022-02-19T10:19:53.408Z] CLI Version:   10.2.1
[debug] [2022-02-19T10:19:53.408Z] Platform:      win32
[debug] [2022-02-19T10:19:53.408Z] Node Version:  v14.17.3
[debug] [2022-02-19T10:19:53.411Z] Time:          Sat Feb 19 2022 15:49:53 GMT+0530 (India Standard Time)
[debug] [2022-02-19T10:19:53.411Z] ----------------------------------------------------------------------
[debug] 
[debug] [2022-02-19T10:19:53.565Z] > command requires scopes: ["email","openid","https://www.googleapis.com/auth/cloudplatformprojects.readonly","https://www.googleapis.com/auth/firebase","https://www.googleapis.com/auth/cloud-platform"]
[debug] [2022-02-19T10:19:53.565Z] > authorizing via signed-in user (chaitanyatyagi1540@gmail.com)
[info] 
     ######## #### ########  ######## ########     ###     ######  ########
     ##        ##  ##     ## ##       ##     ##  ##   ##  ##       ##
     ######    ##  ########  ######   ########  #########  ######  ######
     ##        ##  ##    ##  ##       ##     ## ##     ##       ## ##
     ##       #### ##     ## ######## ########  ##     ##  ######  ########

You're about to initialize a Firebase project in this directory:

  D:\Firebase\firebase-react

Before we get started, keep in mind:

  * You are initializing within an existing Firebase project directory

[info] 
=== Project Setup
[info] 
[info] First, let's associate this project directory with a Firebase project.
[info] You can create multiple project aliases by running firebase use --add, 
[info] but for now we'll just set up a default project.
[info] 
[debug] [2022-02-19T10:20:08.972Z] Using project from CLI flag: deevesoft-27bfd
[debug] [2022-02-19T10:20:08.978Z] >>> [apiv2][query] GET https://firebase.googleapis.com/v1beta1/projects/deevesoft-27bfd [none]
[debug] [2022-02-19T10:20:10.240Z] <<< [apiv2][status] GET https://firebase.googleapis.com/v1beta1/projects/deevesoft-27bfd 200
[debug] [2022-02-19T10:20:10.240Z] <<< [apiv2][body] GET https://firebase.googleapis.com/v1beta1/projects/deevesoft-27bfd {"projectId":"deevesoft-27bfd","projectNumber":"805406996648","displayName":"Deevesoft","name":"projects/deevesoft-27bfd","resources":{"hostingSite":"deevesoft-27bfd","storageBucket":"deevesoft-27bfd.appspot.com","locationId":"us-central"},"state":"ACTIVE"}
[info] i  Using project deevesoft-27bfd (Deevesoft) 
[info] 
=== Hosting Setup
[info] 
[info] Your public directory is the folder (relative to your project directory) that
[info] will contain Hosting assets to be uploaded with firebase deploy. If you
[info] have a build process for your assets, use your build's output directory.
[info] 
